<?xml version="1.0" encoding="UTF-8"?>
<!-- Generated by org.testng.reporters.JUnitXMLReporter -->
<testsuite hostname="LAPTOP-0OQLUU6N" ignored="0" name="Free WordPress App Test Cases" tests="8" failures="1" timestamp="21 Feb 2019 15:56:42 GMT" time="165.741" errors="0">
  <testcase name="loginPageTitleTest" time="0.021" classname="com.wordpress.qa.testcases.LoginPageTest"/>
  <testcase name="verifyHomePageTitleTest" time="0.018" classname="com.wordpress.qa.testcases.HomePageTest"/>
  <testcase name="verifyIfOnPostsPageTest" time="0.046" classname="com.wordpress.qa.testcases.PostPageTest"/>
  <testcase name="loginTest" time="10.012" classname="com.wordpress.qa.testcases.LoginPageTest"/>
  <testcase name="verifyCorrectLoggedInUserTest" time="0.054" classname="com.wordpress.qa.testcases.HomePageTest"/>
  <testcase name="clickOnAddNewTest" time="4.93" classname="com.wordpress.qa.testcases.PostPageTest"/>
  <testcase name="verifyPostsButtonTest" time="2.082" classname="com.wordpress.qa.testcases.HomePageTest"/>
  <testcase name="clickOnLogoutBtnTest" time="1.708" classname="com.wordpress.qa.testcases.HomePageTest">
    <failure type="java.lang.NullPointerException">
      <![CDATA[java.lang.NullPointerException
	at com.wordpress.qa.pages.LoggedOutPage.verifyLoggedOutSuccessMessage(LoggedOutPage.java:19)
	at com.wordpress.qa.testcases.HomePageTest.clickOnLogoutBtnTest(HomePageTest.java:54)
... Removed 25 stack frames]]>
    </failure>
  </testcase> <!-- clickOnLogoutBtnTest -->
</testsuite> <!-- Free WordPress App Test Cases -->
